This file contains any messages produced by compilers while
running configure, to aid debugging if configure makes a mistake.

It was created by configure, which was
generated by GNU Autoconf 2.63.  Invocation command line was

  $ ./configure --host=arm-eabi --prefix=/home/sztupy/Documents/Android/prebuilt/linux-x86/toolchain/

## --------- ##
## Platform. ##
## --------- ##

hostname = ubuntu
uname -m = x86_64
uname -r = 2.6.32-25-generic
uname -s = Linux
uname -v = #44-Ubuntu SMP Fri Sep 17 20:05:27 UTC 2010

/usr/bin/uname -p = unknown
/bin/uname -X     = unknown

/bin/arch              = unknown
/usr/bin/arch -k       = unknown
/usr/convex/getsysinfo = unknown
/usr/bin/hostinfo      = unknown
/bin/machine           = unknown
/usr/bin/oslevel       = unknown
/bin/universe          = unknown

PATH: /home/sztupy/bin
PATH: /usr/local/sbin
PATH: /usr/local/bin
PATH: /usr/sbin
PATH: /usr/bin
PATH: /sbin
PATH: /bin
PATH: /usr/games
PATH: /home/sztupy/bin


## ----------- ##
## Core tests. ##
## ----------- ##

configure:1870: checking for a BSD-compatible install
configure:1938: result: /usr/bin/install -c
configure:1949: checking whether build environment is sane
configure:1992: result: yes
configure:2017: checking for a thread-safe mkdir -p
configure:2056: result: /bin/mkdir -p
configure:2069: checking for gawk
configure:2085: found /usr/bin/gawk
configure:2096: result: gawk
configure:2107: checking whether make sets $(MAKE)
configure:2129: result: yes
configure:2209: checking for arm-eabi-strip
configure:2239: result: no
configure:2249: checking for strip
configure:2265: found /usr/bin/strip
configure:2276: result: strip
configure:2316: checking whether to enable maintainer-specific portions of Makefiles
configure:2325: result: no
configure:2343: checking for gawk
configure:2370: result: gawk
configure:2389: checking for arm-eabi-gcc
configure:2416: result: /home/sztupy/Documents/Android/prebuilt/linux-x86/toolchain/arm-eabi-4.4.0/bin/arm-eabi-gcc
configure:2688: checking for C compiler version
configure:2696: /home/sztupy/Documents/Android/prebuilt/linux-x86/toolchain/arm-eabi-4.4.0/bin/arm-eabi-gcc --version >&5
arm-eabi-gcc (GCC) 4.4.0
Copyright (C) 2009 Free Software Foundation, Inc.
This is free software; see the source for copying conditions.  There is NO
warranty; not even for MERCHANTABILITY or FITNESS FOR A PARTICULAR PURPOSE.

configure:2700: $? = 0
configure:2707: /home/sztupy/Documents/Android/prebuilt/linux-x86/toolchain/arm-eabi-4.4.0/bin/arm-eabi-gcc -v >&5
Using built-in specs.
Target: arm-eabi
Configured with: /home/jingyu/projects/gcc/android-toolchain/gcc-4.4.0/configure --prefix=/usr/local --target=arm-eabi --host=i686-unknown-linux-gnu --build=i686-unknown-linux-gnu --enable-languages=c,c++ --with-gmp=/home/jingyu/projects/gcc/toolchain_build/obj/temp-install --with-mpfr=/home/jingyu/projects/gcc/toolchain_build/obj/temp-install --disable-libssp --enable-threads --disable-nls --disable-libmudflap --disable-libgomp --disable-libstdc__-v3 --disable-sjlj-exceptions --disable-shared --disable-tls --with-float=soft --with-fpu=vfp --with-arch=armv5te --enable-target-optspace --with-abi=aapcs --with-gcc-version=4.4.0 --with-binutils-version=2.19 --with-gmp-version=4.2.4 --with-mpfr-version=2.4.1 --with-gdb-version=6.6 --with-arch=armv5te --with-multilib-list=mthumb-interwork,mandroid --with-sysroot=/g/users/jingyu/toolchain/cupcake_rel_root --program-transform-name='s&^&arm-eabi-&'
Thread model: single
gcc version 4.4.0 (GCC) 
configure:2711: $? = 0
configure:2718: /home/sztupy/Documents/Android/prebuilt/linux-x86/toolchain/arm-eabi-4.4.0/bin/arm-eabi-gcc -V >&5
arm-eabi-gcc: '-V' option must have argument
configure:2722: $? = 1
configure:2745: checking for C compiler default output file name
configure:2767: /home/sztupy/Documents/Android/prebuilt/linux-x86/toolchain/arm-eabi-4.4.0/bin/arm-eabi-gcc    conftest.c  >&5
/home/sztupy/Documents/Android/prebuilt/linux-x86/toolchain/arm-eabi-4.4.0/bin/../lib/gcc/arm-eabi/4.4.0/../../../../arm-eabi/bin/ld: crt0.o: No such file: No such file or directory
collect2: ld returned 1 exit status
configure:2771: $? = 1
configure:2809: result: 
configure: failed program was:
| /* confdefs.h.  */
| #define PACKAGE_NAME ""
| #define PACKAGE_TARNAME ""
| #define PACKAGE_VERSION ""
| #define PACKAGE_STRING ""
| #define PACKAGE_BUGREPORT ""
| #define PACKAGE "jfsutils"
| #define VERSION "1.1.14"
| /* end confdefs.h.  */
| 
| int
| main ()
| {
| 
|   ;
|   return 0;
| }
configure:2815: error: in `/home/sztupy/Documents/Android/external/jfsutils':
configure:2818: error: C compiler cannot create executables
See `config.log' for more details.

## ---------------- ##
## Cache variables. ##
## ---------------- ##

ac_cv_env_CC_set=set
ac_cv_env_CC_value=/home/sztupy/Documents/Android/prebuilt/linux-x86/toolchain/arm-eabi-4.4.0/bin/arm-eabi-gcc
ac_cv_env_CFLAGS_set=
ac_cv_env_CFLAGS_value=
ac_cv_env_CPPFLAGS_set=
ac_cv_env_CPPFLAGS_value=
ac_cv_env_CPP_set=
ac_cv_env_CPP_value=
ac_cv_env_LDFLAGS_set=
ac_cv_env_LDFLAGS_value=
ac_cv_env_LIBS_set=
ac_cv_env_LIBS_value=
ac_cv_env_build_alias_set=
ac_cv_env_build_alias_value=
ac_cv_env_host_alias_set=set
ac_cv_env_host_alias_value=arm-eabi
ac_cv_env_target_alias_set=
ac_cv_env_target_alias_value=
ac_cv_path_install='/usr/bin/install -c'
ac_cv_path_mkdir=/bin/mkdir
ac_cv_prog_AWK=gawk
ac_cv_prog_CC=/home/sztupy/Documents/Android/prebuilt/linux-x86/toolchain/arm-eabi-4.4.0/bin/arm-eabi-gcc
ac_cv_prog_ac_ct_STRIP=strip
ac_cv_prog_make_make_set=yes

## ----------------- ##
## Output variables. ##
## ----------------- ##

ACLOCAL='${SHELL} /home/sztupy/Documents/Android/external/jfsutils/missing --run aclocal-1.10'
AMDEPBACKSLASH=''
AMDEP_FALSE=''
AMDEP_TRUE=''
AMTAR='${SHELL} /home/sztupy/Documents/Android/external/jfsutils/missing --run tar'
AM_CFLAGS=''
AUTOCONF='${SHELL} /home/sztupy/Documents/Android/external/jfsutils/missing --run autoconf'
AUTOHEADER='${SHELL} /home/sztupy/Documents/Android/external/jfsutils/missing --run autoheader'
AUTOMAKE='${SHELL} /home/sztupy/Documents/Android/external/jfsutils/missing --run automake-1.10'
AWK='gawk'
CC='/home/sztupy/Documents/Android/prebuilt/linux-x86/toolchain/arm-eabi-4.4.0/bin/arm-eabi-gcc'
CCDEPMODE=''
CFLAGS=''
CPP=''
CPPFLAGS=''
CYGPATH_W='echo'
DEFS=''
DEPDIR=''
ECHO_C=''
ECHO_N='-n'
ECHO_T=''
EGREP=''
EXEEXT=''
GREP=''
INSTALL_DATA='${INSTALL} -m 644'
INSTALL_PROGRAM='${INSTALL}'
INSTALL_SCRIPT='${INSTALL}'
INSTALL_STRIP_PROGRAM='$(install_sh) -c -s'
LDFLAGS=''
LIBOBJS=''
LIBS=''
LN=''
LN_S=''
LTLIBOBJS=''
MAINT='#'
MAINTAINER_MODE_FALSE=''
MAINTAINER_MODE_TRUE='#'
MAKEINFO='${SHELL} /home/sztupy/Documents/Android/external/jfsutils/missing --run makeinfo'
MKDIR_P='/bin/mkdir -p'
OBJEXT=''
PACKAGE='jfsutils'
PACKAGE_BUGREPORT=''
PACKAGE_NAME=''
PACKAGE_STRING=''
PACKAGE_TARNAME=''
PACKAGE_VERSION=''
PATH_SEPARATOR=':'
RANLIB=''
SET_MAKE=''
SHELL='/bin/bash'
STRIP='strip'
VERSION='1.1.14'
ac_ct_CC=''
am__fastdepCC_FALSE=''
am__fastdepCC_TRUE=''
am__include=''
am__isrc=''
am__leading_dot='.'
am__quote=''
am__tar='${AMTAR} chof - "$$tardir"'
am__untar='${AMTAR} xf -'
bindir='${exec_prefix}/bin'
build_alias=''
datadir='${datarootdir}'
datarootdir='${prefix}/share'
docdir='${datarootdir}/doc/${PACKAGE}'
dvidir='${docdir}'
exec_prefix='NONE'
host_alias='arm-eabi'
htmldir='${docdir}'
includedir='${prefix}/include'
infodir='${datarootdir}/info'
install_sh='$(SHELL) /home/sztupy/Documents/Android/external/jfsutils/install-sh'
libdir='${exec_prefix}/lib'
libexecdir='${exec_prefix}/libexec'
localedir='${datarootdir}/locale'
localstatedir='${prefix}/var'
mandir='${datarootdir}/man'
mkdir_p='/bin/mkdir -p'
oldincludedir='/usr/include'
pdfdir='${docdir}'
prefix='/home/sztupy/Documents/Android/prebuilt/linux-x86/toolchain'
program_transform_name='s,x,x,'
psdir='${docdir}'
sbindir='${exec_prefix}/sbin'
sharedstatedir='${prefix}/com'
sysconfdir='${prefix}/etc'
target_alias=''

## ----------- ##
## confdefs.h. ##
## ----------- ##

#define PACKAGE_NAME ""
#define PACKAGE_TARNAME ""
#define PACKAGE_VERSION ""
#define PACKAGE_STRING ""
#define PACKAGE_BUGREPORT ""
#define PACKAGE "jfsutils"
#define VERSION "1.1.14"

configure: exit 77
